<?xml version="1.0" encoding="UTF-8"?>
<!-- Generated by org.testng.reporters.JUnitReportReporter -->
<testsuite hostname="DESKTOP-FVUH5Q8" failures="0" tests="1" name="com.hrm.unittests.testdataprovider" time="0.029" errors="0" timestamp="2023-04-19T12:58:42 EDT" skipped="0">
  <testcase classname="com.hrm.unittests.testdataprovider" name="read" time="0.029"/>
  <system-out/>
</testsuite> <!-- com.hrm.unittests.testdataprovider -->
